Arguments: 
  C:\Program Files\nodejs\node.exe C:\Program Files\nodejs\node_modules\yarn\bin\yarn.js

PATH: 
  C:\Program Files (x86)\Common Files\Oracle\Java\javapath;C:\Windows\system32;C:\Windows;C:\Windows\System32\Wbem;C:\Windows\System32\WindowsPowerShell\v1.0\;C:\Windows\System32\OpenSSH\;C:\Program Files\NVIDIA Corporation\NVIDIA NvDLISR;C:\Program Files (x86)\NVIDIA Corporation\PhysX\Common;C:\WINDOWS\system32;C:\WINDOWS;C:\WINDOWS\System32\Wbem;C:\WINDOWS\System32\WindowsPowerShell\v1.0\;C:\WINDOWS\System32\OpenSSH\;C:\Program Files\dotnet\;C:\WINDOWS\system32;C:\WINDOWS;C:\WINDOWS\System32\Wbem;C:\WINDOWS\System32\WindowsPowerShell\v1.0\;C:\WINDOWS\System32\OpenSSH\;C:\Program Files\nodejs\;C:\Users\86175\AppData\Local\Programs\Python\Python39\Scripts\;C:\Users\86175\AppData\Local\Programs\Python\Python39\;C:\Program Files\MySQL\MySQL Shell 8.0\bin\;C:\Users\86175\AppData\Local\Microsoft\WindowsApps;C:\Program Files\Azure Data Studio\bin;D:\idea\IntelliJ IDEA Community Edition 2020.3.2\bin;;C:\Users\86175\AppData\Roaming\npm;D:\LenovoSoftstore\Install\QQliuxidating\QQGameTempest\Hall.57821\;D:\Microsoft VS Code\bin

Yarn version: 
  1.22.18

Node version: 
  16.14.2

Platform: 
  win32 x64

Trace: 
  Error: connect ETIMEDOUT 104.16.26.35:443
      at TCPConnectWrap.afterConnect [as oncomplete] (node:net:1157:16)

npm manifest: 
  {
    "name": "mas-creator-admin",
    "version": "0.1.0",
    "private": true,
    "scripts": {
      "serve": "vue-cli-service serve",
      "build": "vue-cli-service build",
  "svgo": "svgo -f src/icons/svg --config=src/icons/svgo.yml",
      "lint": "vue-cli-service lint"
    },
    "dependencies": {
      "axios": "^0.19.2",
      "core-js": "^3.4.4",
  	"echarts": "^5.4.1",
  	"echarts-wordcloud": "^2.1.0",
  	"vue-echarts": "^6.2.3",
      "element-ui": "^2.13.0",
      "js-md5": "^0.7.3",
      "print-js": "^1.5.0",
      "vue": "^2.6.10",
      "vue-quill-editor": "^3.0.6",
      "vue-amap": "^0.5.10",
      "vue-json-excel": "^0.3.0",
      "vue-router": "^3.1.5"
    },
    "devDependencies": {
      "@vue/cli-plugin-babel": "^4.1.0",
      "@vue/cli-plugin-eslint": "^4.1.0",
      "@vue/cli-service": "^4.1.0",
      "babel-eslint": "^10.0.3",
      "babel-plugin-component": "^1.1.1",
      "eslint": "^5.16.0",
      "eslint-plugin-vue": "^5.0.0",
      "node-sass": "^4.13.1",
      "sass-loader": "^8.0.2",
      "svg-sprite-loader": "4.1.3",
      "svgo": "1.2.2",
      "vue-template-compiler": "^2.6.10"
    },
    "eslintConfig": {
      "root": true,
      "env": {
        "node": true
      },
      "extends": [
        "plugin:vue/essential",
        "eslint:recommended"
      ],
      "rules": {
        "no-console": "off",
        "no-unused-vars": 0,
        "no-useless-escape": "off"
      },
      "parserOptions": {
        "parser": "babel-eslint"
      }
    },
    "browserslist": [
      "> 1%",
      "last 2 versions",
      "not ie <= 8",
      "Android >= 4.0"
    ]
  }

yarn manifest: 
  No manifest

Lockfile: 
  No lockfile
